[    0.000000] Linux version 4.15.0-48-generic (buildd@lgw01-amd64-036) (gcc version 7.3.0 (Ubuntu 7.3.0-16ubuntu3)) #51-Ubuntu SMP Wed Apr 3 08:28:49 UTC 2019 (Ubuntu 4.15.0-48.51-generic 4.15.18)
[    0.000000] Command line: BOOT_IMAGE=/boot/vmlinuz-4.15.0-48-generic root=LABEL=cloudimg-rootfs ro console=tty1 console=ttyS0
[    0.000000] KERNEL supported cpus:
[    0.000000]   Intel GenuineIntel
[    0.000000]   AMD AuthenticAMD
[    0.000000]   Centaur CentaurHauls
[    0.000000] x86/fpu: Supporting XSAVE feature 0x001: 'x87 floating point registers'
[    0.000000] x86/fpu: Supporting XSAVE feature 0x002: 'SSE registers'
[    0.000000] x86/fpu: Supporting XSAVE feature 0x004: 'AVX registers'
[    0.000000] x86/fpu: xstate_offset[2]:  576, xstate_sizes[2]:  256
[    0.000000] x86/fpu: Enabled xstate features 0x7, context size is 832 bytes, using 'standard' format.
[    0.000000] e820: BIOS-provided physical RAM map:
[    0.000000] BIOS-e820: [mem 0x0000000000000000-0x000000000009fbff] usable
[    0.000000] BIOS-e820: [mem 0x000000000009fc00-0x000000000009ffff] reserved
[    0.000000] BIOS-e820: [mem 0x00000000000f0000-0x00000000000fffff] reserved
[    0.000000] BIOS-e820: [mem 0x0000000000100000-0x000000003ffeffff] usable
[    0.000000] BIOS-e820: [mem 0x000000003fff0000-0x000000003fffffff] ACPI data
[    0.000000] BIOS-e820: [mem 0x00000000fec00000-0x00000000fec00fff] reserved
[    0.000000] BIOS-e820: [mem 0x00000000fee00000-0x00000000fee00fff] reserved
[    0.000000] BIOS-e820: [mem 0x00000000fffc0000-0x00000000ffffffff] reserved
[    0.000000] NX (Execute Disable) protection: active
[    0.000000] SMBIOS 2.5 present.
[    0.000000] DMI: innotek GmbH VirtualBox/VirtualBox, BIOS VirtualBox 12/01/2006
[    0.000000] Hypervisor detected: KVM
[    0.000000] e820: last_pfn = 0x3fff0 max_arch_pfn = 0x400000000
[    0.000000] MTRR: Disabled
[    0.000000] x86/PAT: MTRRs disabled, skipping PAT initialization too.
[    0.000000] CPU MTRRs all blank - virtualized system.
[    0.000000] x86/PAT: Configuration [0-7]: WB  WT  UC- UC  WB  WT  UC- UC  
[    0.000000] found SMP MP-table at [mem 0x0009fff0-0x0009ffff] mapped at [        (ptrval)]
[    0.000000] Scanning 1 areas for low memory corruption
[    0.000000] RAMDISK: [mem 0x35add000-0x36d65fff]
[    0.000000] ACPI: Early table checksum verification disabled
[    0.000000] ACPI: RSDP 0x00000000000E0000 000024 (v02 VBOX  )
[    0.000000] ACPI: XSDT 0x000000003FFF0030 00003C (v01 VBOX   VBOXXSDT 00000001 ASL  00000061)
[    0.000000] ACPI: FACP 0x000000003FFF00F0 0000F4 (v04 VBOX   VBOXFACP 00000001 ASL  00000061)
[    0.000000] ACPI: DSDT 0x000000003FFF0470 0022EA (v02 VBOX   VBOXBIOS 00000002 INTL 20100528)
[    0.000000] ACPI: FACS 0x000000003FFF0200 000040
[    0.000000] ACPI: FACS 0x000000003FFF0200 000040
[    0.000000] ACPI: APIC 0x000000003FFF0240 00005C (v02 VBOX   VBOXAPIC 00000001 ASL  00000061)
[    0.000000] ACPI: SSDT 0x000000003FFF02A0 0001CC (v01 VBOX   VBOXCPUT 00000002 INTL 20100528)
[    0.000000] No NUMA configuration found
[    0.000000] Faking a node at [mem 0x0000000000000000-0x000000003ffeffff]
[    0.000000] NODE_DATA(0) allocated [mem 0x3ffc5000-0x3ffeffff]
[    0.000000] kvm-clock: cpu 0, msr 0:3ff44001, primary cpu clock
[    0.000000] kvm-clock: Using msrs 4b564d01 and 4b564d00
[    0.000000] kvm-clock: using sched offset of 4039808247 cycles
[    0.000000] clocksource: kvm-clock: mask: 0xffffffffffffffff max_cycles: 0x1cd42e4dffb, max_idle_ns: 881590591483 ns
[    0.000000] Zone ranges:
[    0.000000]   DMA      [mem 0x0000000000001000-0x0000000000ffffff]
[    0.000000]   DMA32    [mem 0x0000000001000000-0x000000003ffeffff]
[    0.000000]   Normal   empty
[    0.000000]   Device   empty
[    0.000000] Movable zone start for each node
[    0.000000] Early memory node ranges
[    0.000000]   node   0: [mem 0x0000000000001000-0x000000000009efff]
[    0.000000]   node   0: [mem 0x0000000000100000-0x000000003ffeffff]
[    0.000000] Reserved but unavailable: 114 pages
[    0.000000] Initmem setup node 0 [mem 0x0000000000001000-0x000000003ffeffff]
[    0.000000] ACPI: PM-Timer IO Port: 0x4008
[    0.000000] IOAPIC[0]: apic_id 2, version 32, address 0xfec00000, GSI 0-23
[    0.000000] ACPI: INT_SRC_OVR (bus 0 bus_irq 0 global_irq 2 dfl dfl)
[    0.000000] ACPI: INT_SRC_OVR (bus 0 bus_irq 9 global_irq 9 low level)
[    0.000000] Using ACPI (MADT) for SMP configuration information
[    0.000000] smpboot: Allowing 2 CPUs, 0 hotplug CPUs
[    0.000000] PM: Registered nosave memory: [mem 0x00000000-0x00000fff]
[    0.000000] PM: Registered nosave memory: [mem 0x0009f000-0x0009ffff]
[    0.000000] PM: Registered nosave memory: [mem 0x000a0000-0x000effff]
[    0.000000] PM: Registered nosave memory: [mem 0x000f0000-0x000fffff]
[    0.000000] e820: [mem 0x40000000-0xfebfffff] available for PCI devices
[    0.000000] Booting paravirtualized kernel on KVM
[    0.000000] clocksource: refined-jiffies: mask: 0xffffffff max_cycles: 0xffffffff, max_idle_ns: 7645519600211568 ns
[    0.000000] random: get_random_bytes called from start_kernel+0x99/0x4fd with crng_init=0
[    0.000000] setup_percpu: NR_CPUS:8192 nr_cpumask_bits:2 nr_cpu_ids:2 nr_node_ids:1
[    0.000000] percpu: Embedded 46 pages/cpu @        (ptrval) s151552 r8192 d28672 u1048576
[    0.000000] PV qspinlock hash table entries: 256 (order: 0, 4096 bytes)
[    0.000000] Built 1 zonelists, mobility grouping on.  Total pages: 257913
[    0.000000] Policy zone: DMA32
[    0.000000] Kernel command line: BOOT_IMAGE=/boot/vmlinuz-4.15.0-48-generic root=LABEL=cloudimg-rootfs ro console=tty1 console=ttyS0
[    0.000000] Memory: 983604K/1048120K available (12300K kernel code, 2473K rwdata, 4276K rodata, 2408K init, 2416K bss, 64516K reserved, 0K cma-reserved)
[    0.000000] SLUB: HWalign=64, Order=0-3, MinObjects=0, CPUs=2, Nodes=1
[    0.000000] Kernel/User page tables isolation: enabled
[    0.000000] ftrace: allocating 39226 entries in 154 pages
[    0.004000] Hierarchical RCU implementation.
[    0.004000] 	RCU restricting CPUs from NR_CPUS=8192 to nr_cpu_ids=2.
[    0.004000] 	Tasks RCU enabled.
[    0.004000] RCU: Adjusting geometry for rcu_fanout_leaf=16, nr_cpu_ids=2
[    0.004000] NR_IRQS: 524544, nr_irqs: 440, preallocated irqs: 16
[    0.004000] Console: colour VGA+ 80x25
[    0.004000] console [tty1] enabled
[    0.004000] console [ttyS0] enabled
[    0.004000] ACPI: Core revision 20170831
[    0.004000] ACPI: 2 ACPI AML tables successfully acquired and loaded
[    0.004000] APIC: Switch to symmetric I/O mode setup
[    0.004000] x2apic enabled
[    0.004000] Switched APIC routing to physical x2apic.
[    0.005592] ..TIMER: vector=0x30 apic1=0 pin1=2 apic2=-1 pin2=-1
[    0.008003] tsc: Detected 2711.996 MHz processor
[    0.012023] Calibrating delay loop (skipped) preset value.. 5423.99 BogoMIPS (lpj=10847984)
[    0.013954] pid_max: default: 32768 minimum: 301
[    0.015159] Security Framework initialized
[    0.016007] Yama: becoming mindful.
[    0.016973] AppArmor: AppArmor initialized
[    0.020282] Dentry cache hash table entries: 131072 (order: 8, 1048576 bytes)
[    0.022713] Inode-cache hash table entries: 65536 (order: 7, 524288 bytes)
[    0.024021] Mount-cache hash table entries: 2048 (order: 2, 16384 bytes)
[    0.025519] Mountpoint-cache hash table entries: 2048 (order: 2, 16384 bytes)
[    0.028306] mce: CPU supports 0 MCE banks
[    0.029334] Last level iTLB entries: 4KB 64, 2MB 8, 4MB 8
[    0.030603] Last level dTLB entries: 4KB 64, 2MB 0, 4MB 0, 1GB 4
[    0.032004] Spectre V2 : Mitigation: Full generic retpoline
[    0.033329] Spectre V2 : Spectre v2 / SpectreRSB mitigation: Filling RSB on context switch
[    0.036007] Speculative Store Bypass: Vulnerable
[    0.037390] Freeing SMP alternatives memory: 36K
[    0.044000] smpboot: CPU0: Intel(R) Core(TM) i5-7200U CPU @ 2.50GHz (family: 0x6, model: 0x8e, stepping: 0x9)
[    0.044114] Performance Events: unsupported p6 CPU model 142 no PMU driver, software events only.
[    0.048076] Hierarchical SRCU implementation.
[    0.049997] NMI watchdog: Perf event create on CPU 0 failed with -2
[    0.052049] NMI watchdog: Perf NMI watchdog permanently disabled
[    0.056087] smp: Bringing up secondary CPUs ...
[    0.057790] x86: Booting SMP configuration:
[    0.059032] .... node  #0, CPUs:      #1
[    0.004000] kvm-clock: cpu 1, msr 0:3ff44041, secondary cpu clock
[    0.004000] mce: CPU supports 0 MCE banks
[    0.066218] smp: Brought up 1 node, 2 CPUs
[    0.066218] smpboot: Max logical packages: 1
[    0.068013] smpboot: Total of 2 processors activated (10847.98 BogoMIPS)
[    0.070096] devtmpfs: initialized
[    0.072082] x86/mm: Memory block size: 128MB
[    0.073699] evm: security.selinux
[    0.074710] evm: security.SMACK64
[    0.076009] evm: security.SMACK64EXEC
[    0.077193] evm: security.SMACK64TRANSMUTE
[    0.078717] evm: security.SMACK64MMAP
[    0.080007] evm: security.apparmor
[    0.081073] evm: security.ima
[    0.082045] evm: security.capability
[    0.084904] clocksource: jiffies: mask: 0xffffffff max_cycles: 0xffffffff, max_idle_ns: 7645041785100000 ns
[    0.088018] futex hash table entries: 512 (order: 3, 32768 bytes)
[    0.092173] pinctrl core: initialized pinctrl subsystem
[    0.099596] RTC time: 21:54:29, date: 11/23/20
[    0.101144] NET: Registered protocol family 16
[    0.104113] audit: initializing netlink subsys (disabled)
[    0.108011] audit: type=2000 audit(1606168474.722:1): state=initialized audit_enabled=0 res=1
[    0.110436] cpuidle: using governor ladder
[    0.112014] cpuidle: using governor menu
[    0.116059] ACPI: bus type PCI registered
[    0.120004] acpiphp: ACPI Hot Plug PCI Controller Driver version: 0.5
[    0.121645] PCI: Using configuration type 1 for base access
[    0.124469] HugeTLB registered 2.00 MiB page size, pre-allocated 0 pages
[    0.125590] ACPI: Added _OSI(Module Device)
[    0.128006] ACPI: Added _OSI(Processor Device)
[    0.129290] ACPI: Added _OSI(3.0 _SCP Extensions)
[    0.130438] ACPI: Added _OSI(Processor Aggregator Device)
[    0.132000] ACPI: Added _OSI(Linux-Dell-Video)
[    0.132004] ACPI: Added _OSI(Linux-Lenovo-NV-HDMI-Audio)
[    0.133170] ACPI: Added _OSI(Linux-HPI-Hybrid-Graphics)
[    0.134782] ACPI: Executed 1 blocks of module-level executable AML code
[    0.142445] ACPI: Interpreter enabled
[    0.143324] ACPI: (supports S0 S5)
[    0.144000] ACPI: Using IOAPIC for interrupt routing
[    0.144329] PCI: Using host bridge windows from ACPI; if necessary, use "pci=nocrs" and report a bug
[    0.146844] ACPI: Enabled 2 GPEs in block 00 to 07
[    0.158153] ACPI: PCI Root Bridge [PCI0] (domain 0000 [bus 00-ff])
[    0.159732] acpi PNP0A03:00: _OSC: OS supports [ASPM ClockPM Segments MSI]
[    0.161055] acpi PNP0A03:00: _OSC: not requesting OS control; OS requires [ExtendedConfig ASPM ClockPM MSI]
[    0.164023] acpi PNP0A03:00: fail to add MMCONFIG information, can't access extended PCI configuration space under this bridge.
[    0.168467] PCI host bridge to bus 0000:00
[    0.172010] pci_bus 0000:00: root bus resource [io  0x0000-0x0cf7 window]
[    0.176006] pci_bus 0000:00: root bus resource [io  0x0d00-0xffff window]
[    0.180009] pci_bus 0000:00: root bus resource [mem 0x000a0000-0x000bffff window]
[    0.181837] pci_bus 0000:00: root bus resource [mem 0x40000000-0xfdffffff window]
[    0.184005] pci_bus 0000:00: root bus resource [bus 00-ff]
[    0.189234] pci 0000:00:01.1: legacy IDE quirk: reg 0x10: [io  0x01f0-0x01f7]
[    0.191029] pci 0000:00:01.1: legacy IDE quirk: reg 0x14: [io  0x03f6]
[    0.192004] pci 0000:00:01.1: legacy IDE quirk: reg 0x18: [io  0x0170-0x0177]
[    0.193532] pci 0000:00:01.1: legacy IDE quirk: reg 0x1c: [io  0x0376]
[    0.219455] pci 0000:00:07.0: quirk: [io  0x4000-0x403f] claimed by PIIX4 ACPI
[    0.220029] pci 0000:00:07.0: quirk: [io  0x4100-0x410f] claimed by PIIX4 SMB
[    0.242564] ACPI: PCI Interrupt Link [LNKA] (IRQs 5 9 10 *11)
[    0.244129] ACPI: PCI Interrupt Link [LNKB] (IRQs 5 9 *10 11)
[    0.245922] ACPI: PCI Interrupt Link [LNKC] (IRQs 5 *9 10 11)
[    0.248159] ACPI: PCI Interrupt Link [LNKD] (IRQs 5 9 10 *11)
[    0.250010] SCSI subsystem initialized
[    0.251051] pci 0000:00:02.0: vgaarb: setting as boot VGA device
[    0.251051] pci 0000:00:02.0: vgaarb: VGA device added: decodes=io+mem,owns=io+mem,locks=none
[    0.252012] pci 0000:00:02.0: vgaarb: bridge control possible
[    0.253399] vgaarb: loaded
[    0.256036] ACPI: bus type USB registered
[    0.257163] usbcore: registered new interface driver usbfs
[    0.258394] usbcore: registered new interface driver hub
[    0.260026] usbcore: registered new device driver usb
[    0.262538] EDAC MC: Ver: 3.0.0
[    0.264662] PCI: Using ACPI for IRQ routing
[    0.265617] NetLabel: Initializing
[    0.268004] NetLabel:  domain hash size = 128
[    0.269336] NetLabel:  protocols = UNLABELED CIPSOv4 CALIPSO
[    0.271489] NetLabel:  unlabeled traffic allowed by default
[    0.272091] clocksource: Switched to clocksource kvm-clock
[    0.295078] VFS: Disk quotas dquot_6.6.0
[    0.296094] VFS: Dquot-cache hash table entries: 512 (order 0, 4096 bytes)
[    0.298028] AppArmor: AppArmor Filesystem Enabled
[    0.299127] pnp: PnP ACPI init
[    0.303942] pnp: PnP ACPI: found 3 devices
[    0.319658] clocksource: acpi_pm: mask: 0xffffff max_cycles: 0xffffff, max_idle_ns: 2085701024 ns
[    0.322946] NET: Registered protocol family 2
[    0.327829] TCP established hash table entries: 8192 (order: 4, 65536 bytes)
[    0.330083] TCP bind hash table entries: 8192 (order: 5, 131072 bytes)
[    0.331932] TCP: Hash tables configured (established 8192 bind 8192)
[    0.334202] UDP hash table entries: 512 (order: 2, 16384 bytes)
[    0.339268] UDP-Lite hash table entries: 512 (order: 2, 16384 bytes)
[    0.341015] NET: Registered protocol family 1
[    0.342028] pci 0000:00:00.0: Limiting direct PCI/PCI transfers
[    0.343411] pci 0000:00:01.0: Activating ISA DMA hang workarounds
[    0.344964] pci 0000:00:02.0: Video device with shadowed ROM at [mem 0x000c0000-0x000dffff]
[    0.347200] Unpacking initramfs...
[    0.813441] Freeing initrd memory: 18980K
[    0.816779] platform rtc_cmos: registered platform RTC device (no PNP device found)
[    0.818649] Scanning for low memory corruption every 60 seconds
[    0.820814] Initialise system trusted keyrings
[    0.821892] Key type blacklist registered
[    0.822974] workingset: timestamp_bits=36 max_order=18 bucket_order=0
[    0.825652] zbud: loaded
[    0.827194] squashfs: version 4.0 (2009/01/31) Phillip Lougher
[    0.829014] fuse init (API version 7.26)
[    0.836759] Key type asymmetric registered
[    0.837870] Asymmetric key parser 'x509' registered
[    0.839035] Block layer SCSI generic (bsg) driver version 0.4 loaded (major 246)
[    0.841334] io scheduler noop registered
[    0.843292] io scheduler deadline registered
[    0.844725] io scheduler cfq registered (default)
[    0.847816] ACPI: AC Adapter [AC] (on-line)
[    0.849385] input: Power Button as /devices/LNXSYSTM:00/LNXPWRBN:00/input/input0
[    0.854843] ACPI: Power Button [PWRF]
[    0.859652] input: Sleep Button as /devices/LNXSYSTM:00/LNXSLPBN:00/input/input1
[    0.861872] ACPI: Sleep Button [SLPF]
[    0.864003] ACPI: Battery Slot [BAT0] (battery present)
[    0.864209] Serial: 8250/16550 driver, 32 ports, IRQ sharing enabled
[    0.887137] 00:02: ttyS0 at I/O 0x3f8 (irq = 4, base_baud = 115200) is a 16550A
[    0.890016] Linux agpgart interface v0.103
[    0.893597] loop: module loaded
[    0.895934] scsi host0: ata_piix
[    0.897240] scsi host1: ata_piix
[    0.898287] ata1: PATA max UDMA/33 cmd 0x1f0 ctl 0x3f6 bmdma 0xd000 irq 14
[    0.900096] ata2: PATA max UDMA/33 cmd 0x170 ctl 0x376 bmdma 0xd008 irq 15
[    0.902459] libphy: Fixed MDIO Bus: probed
[    0.903638] tun: Universal TUN/TAP device driver, 1.6
[    0.907505] PPP generic driver version 2.4.2
[    0.908961] ehci_hcd: USB 2.0 'Enhanced' Host Controller (EHCI) Driver
[    0.910764] ehci-pci: EHCI PCI platform driver
[    0.912037] ehci-platform: EHCI generic platform driver
[    0.914028] ohci_hcd: USB 1.1 'Open' Host Controller (OHCI) Driver
[    0.915751] ohci-pci: OHCI PCI platform driver
[    0.917062] ohci-platform: OHCI generic platform driver
[    0.918277] uhci_hcd: USB Universal Host Controller Interface driver
[    0.920126] i8042: PNP: PS/2 Controller [PNP0303:PS2K,PNP0f03:PS2M] at 0x60,0x64 irq 1,12
[    0.922606] serio: i8042 KBD port at 0x60,0x64 irq 1
[    0.923773] serio: i8042 AUX port at 0x60,0x64 irq 12
[    0.925062] mousedev: PS/2 mouse device common for all mice
[    0.926623] input: AT Translated Set 2 keyboard as /devices/platform/i8042/serio0/input/input2
[    0.929510] rtc_cmos rtc_cmos: rtc core: registered rtc_cmos as rtc0
[    0.931184] rtc_cmos rtc_cmos: alarms up to one day, 114 bytes nvram
[    0.932661] i2c /dev entries driver
[    0.933521] pcie_mp2_amd: AMD(R) PCI-E MP2 Communication Driver Version: 1.0
[    0.939339] device-mapper: uevent: version 1.0.3
[    0.941102] device-mapper: ioctl: 4.37.0-ioctl (2017-09-20) initialised: dm-devel@redhat.com
[    0.943082] ledtrig-cpu: registered to indicate activity on CPUs
[    0.945438] NET: Registered protocol family 10
[    0.952096] Segment Routing with IPv6
[    0.954024] NET: Registered protocol family 17
[    0.955310] Key type dns_resolver registered
[    0.959673] RAS: Correctable Errors collector initialized.
[    0.961782] sched_clock: Marking stable (961748098, 0)->(1332374388, -370626290)
[    0.964703] registered taskstats version 1
[    0.969539] Loading compiled-in X.509 certificates
[    0.977867] Loaded X.509 cert 'Build time autogenerated kernel key: e7056c016f846647db0f624c10ce588fee742707'
[    0.980255] zswap: loaded using pool lzo/zbud
[    0.985740] Key type big_key registered
[    0.986820] Key type trusted registered
[    0.990298] Key type encrypted registered
[    0.991289] AppArmor: AppArmor sha1 policy hashing enabled
[    0.992636] ima: No TPM chip found, activating TPM-bypass! (rc=-19)
[    0.994139] ima: Allocated hash algorithm: sha1
[    0.995509] evm: HMAC attrs: 0x1
[    0.997071]   Magic number: 12:878:955
[    0.998190] rtc_cmos rtc_cmos: setting system clock to 2020-11-23 21:54:30 UTC (1606168470)
[    1.001271] BIOS EDD facility v0.16 2004-Jun-25, 0 devices found
[    1.002625] EDD information not available.
[    1.063322] Freeing unused kernel image memory: 2408K
[    1.079363] Write protecting the kernel read-only data: 20480k
[    1.082321] Freeing unused kernel image memory: 2008K
[    1.084199] Freeing unused kernel image memory: 1868K
[    1.097911] x86/mm: Checked W+X mappings: passed, no W+X pages found.
[    1.099864] x86/mm: Checking user space page tables
[    1.113953] x86/mm: Checked W+X mappings: passed, no W+X pages found.
Loading, please wait...
starting version 237
[    1.255158] Fusion MPT base driver 3.04.20
[    1.257379] Copyright (c) 1999-2008 LSI Corporation
[    1.274906] e1000: Intel(R) PRO/1000 Network Driver - version 7.3.21-k8-NAPI
[    1.278740] e1000: Copyright (c) 1999-2006 Intel Corporation.
[    1.292385] AVX2 version of gcm_enc/dec engaged.
[    1.294993] AES CTR mode by8 optimization enabled
[    1.314829] Fusion MPT SPI Host driver 3.04.20
[    1.453644] input: ImExPS/2 Generic Explorer Mouse as /devices/platform/i8042/serio1/input/input4
[    1.748597] e1000 0000:00:03.0 eth0: (PCI:33MHz:32-bit) 02:79:31:3f:e1:83
[    1.751176] e1000 0000:00:03.0 eth0: Intel(R) PRO/1000 Network Connection
[    1.754359] mptbase: ioc0: Initiating bringup
[    1.820740] tsc: Refined TSC clocksource calibration: 2713.440 MHz
[    1.822476] clocksource: tsc: mask: 0xffffffffffffffff max_cycles: 0x271cd6d19cb, max_idle_ns: 440795297383 ns
[    1.862431] ioc0: LSI53C1030 A0: Capabilities={Initiator}
[    2.702623] scsi host2: ioc0: LSI53C1030 A0, FwRev=00000000h, Ports=1, MaxQ=256, IRQ=20
[    2.899721] scsi 2:0:0:0: Direct-Access     VBOX     HARDDISK         1.0  PQ: 0 ANSI: 5
[    2.940141] scsi target2:0:0: Beginning Domain Validation
[    2.943560] scsi target2:0:0: Domain Validation skipping write tests
[    2.945639] scsi target2:0:0: Ending Domain Validation
[    2.947051] scsi target2:0:0: asynchronous
[    2.949076] scsi 2:0:1:0: Direct-Access     VBOX     HARDDISK         1.0  PQ: 0 ANSI: 5
[    3.300136] scsi target2:0:1: Beginning Domain Validation
[    3.304524] random: fast init done
[    3.309479] scsi target2:0:1: Domain Validation skipping write tests
[    3.311532] scsi target2:0:1: Ending Domain Validation
[    3.313824] scsi target2:0:1: asynchronous
[    3.330596] random: systemd-udevd: uninitialized urandom read (16 bytes read)
[    3.332521] random: systemd-udevd: uninitialized urandom read (16 bytes read)
[    3.334529] random: systemd-udevd: uninitialized urandom read (16 bytes read)
[    3.337190] sd 2:0:0:0: Attached scsi generic sg0 type 0
[    3.339443] sd 2:0:1:0: Attached scsi generic sg1 type 0
[    3.339760] sd 2:0:1:0: [sdb] 20480 512-byte logical blocks: (10.5 MB/10.0 MiB)
[    3.339825] sd 2:0:1:0: [sdb] Write Protect is off
[    3.339952] sd 2:0:1:0: [sdb] Incomplete mode parameter data
[    3.339953] sd 2:0:1:0: [sdb] Assuming drive cache: write through
[    3.341344] sd 2:0:0:0: [sda] 20971520 512-byte logical blocks: (10.7 GB/10.0 GiB)
[    3.341547] sd 2:0:0:0: [sda] Write Protect is off
[    3.341706] sd 2:0:0:0: [sda] Incomplete mode parameter data
[    3.341708] sd 2:0:0:0: [sda] Assuming drive cache: write through
[    3.343003] sd 2:0:1:0: [sdb] Attached SCSI disk
[    3.343200]  sda: sda1
[    3.344123] sd 2:0:0:0: [sda] Attached SCSI disk
[    3.390856] e1000 0000:00:08.0 eth1: (PCI:33MHz:32-bit) 08:00:27:69:2a:27
[    3.392607] e1000 0000:00:08.0 eth1: Intel(R) PRO/1000 Network Connection
[    3.395430] e1000 0000:00:03.0 enp0s3: renamed from eth0
[    3.411217] e1000 0000:00:08.0 enp0s8: renamed from eth1
Begin: Loading essential drivers ... [    5.237355] raid6: sse2x1   gen()  7658 MB/s
[    5.284082] raid6: sse2x1   xor()  5062 MB/s
[    5.332577] raid6: sse2x2   gen()  8644 MB/s
[    5.380442] raid6: sse2x2   xor()  5919 MB/s
[    5.428268] raid6: sse2x4   gen() 10519 MB/s
[    5.477048] raid6: sse2x4   xor()  7409 MB/s
[    5.524969] raid6: avx2x1   gen() 11762 MB/s
[    5.576140] raid6: avx2x1   xor()  9458 MB/s
[    5.624425] raid6: avx2x2   gen() 17627 MB/s
[    5.672219] raid6: avx2x2   xor() 10973 MB/s
[    5.720141] raid6: avx2x4   gen() 21021 MB/s
[    5.768869] raid6: avx2x4   xor() 12125 MB/s
[    5.769991] raid6: using algorithm avx2x4 gen() 21021 MB/s
[    5.771530] raid6: .... xor() 12125 MB/s, rmw enabled
[    5.773477] raid6: using avx2x2 recovery algorithm
[    5.776078] xor: automatically using best checksumming function   avx       
[    5.780358] async_tx: api initialized (async)
done.
Begin: Running /scripts/init-premount ... done.
Begin: Mounting root file system ... Begin: Running /scripts/local-top ... done.
Begin: Running /scripts/local-premount ... [    5.854850] Btrfs loaded, crc32c=crc32c-intel
Scanning for Btrfs filesystems
done.
Warning: fsck not present, so skipping root file system
[    5.918569] EXT4-fs (sda1): mounted filesystem with ordered data mode. Opts: (null)
done.
Begin: Running /scripts/local-bottom ... done.
Begin: Running /scripts/init-bottom ... done.
[    6.239760] ip_tables: (C) 2000-2006 Netfilter Core Team
[    6.258848] systemd[1]: systemd 237 running in system mode. (+PAM +AUDIT +SELINUX +IMA +APPARMOR +SMACK +SYSVINIT +UTMP +LIBCRYPTSETUP +GCRYPT +GNUTLS +ACL +XZ +LZ4 +SECCOMP +BLKID +ELFUTILS +KMOD -IDN2 +IDN -PCRE2 default-hierarchy=hybrid)
[    6.264946] systemd[1]: Detected virtualization oracle.
[    6.267323] systemd[1]: Detected architecture x86-64.

Welcome to [1mUbuntu 18.04.2 LTS[0m!

[    6.282385] systemd[1]: Set hostname to <cron>.
[    6.736802] systemd[1]: Reached target System Time Synchronized.
[[0;32m  OK  [0m] Reached target System Time Synchronized.
[    6.739128] systemd[1]: Reached target Swap.
[[0;32m  OK  [0m] Reached target Swap.
[    6.741363] systemd[1]: Set up automount Arbitrary Executable File Formats File System Automount Point.
[[0;32m  OK  [0m] Set up automount Arbitrary Executab…rmats File System Automount Point.
[    6.761531] systemd[1]: Created slice User and Session Slice.
[[0;32m  OK  [0m] Created slice User and Session Slice.
[    6.772995] systemd[1]: Started Forward Password Requests to Wall Directory Watch.
[[0;32m  OK  [0m] Started Forward Password Requests to Wall Directory Watch.
[    6.794774] systemd[1]: Created slice System Slice.
[[0;32m  OK  [0m] Created slice System Slice.
[[0;32m  OK  [0m] Listening on LVM2 poll daemon socket.
[[0;32m  OK  [0m] Listening on Device-mapper event daemon FIFOs.
[[0;32m  OK  [0m] Listening on /dev/initctl Compatibility Named Pipe.
[[0;32m  OK  [0m] Reached target Slices.
[[0;32m  OK  [0m] Listening on Journal Audit Socket.
[[0;32m  OK  [0m] Listening on Network Service Netlink Socket.
[[0;32m  OK  [0m] Listening on Syslog Socket.
[[0;32m  OK  [0m] Listening on Journal Socket.
         Starting Create list of required st…ce nodes for the current kernel...
         Starting Load Kernel Modules...
[    6.890991] Loading iSCSI transport class v2.0-870.
[    6.900824] iscsi: registered transport (tcp)
         Starting Set the console keyboard layout...
[[0;32m  OK  [0m] Listening on udev Kernel Socket.
         Mounting Kernel Debug File System...
         Starting Uncomplicated firewall...
[[0;32m  OK  [0m] Created slice system-serial\x2dgetty.slice.
[[0;32m  OK  [0m] Listening on Journal Socket (/dev/log).
         Starting Journal Service...
[[0;32m  OK  [0m] Listening on LVM2 metadata daemon socket.
         Starting Monitoring of LVM2 mirrors…ng dmeventd or progress polling...
         Mounting POSIX Message Queue File System...
[[0;32m  OK  [0m] Listening on udev Control Socket.
[[0;32m  OK  [0m] Reached target User and Group Name Lookups.
         Mounting Huge Pages File System...
         Starting udev Coldplug all Devices...
         Starting Remount Root and Kernel File Systems...
[[0;32m  OK  [0m] Started Create list of required sta…vice nodes for the current kernel.
         Starting Create Static Device Nodes in /dev...
[    7.005238] iscsi: registered transport (iser)
[[0;32m  OK  [0m] Started Load Kernel Modules.
         Mounting Kernel Configuration File System...
         Starting Apply Kernel Variables...
         Mounting FUSE Control File System...
[[0;32m  OK  [0m] Started Uncomplicated firewall.
[[0;32m  OK  [0m] Started udev Coldplug all Devices.
[[0;32m  OK  [0m] Started Create Static Device Nodes in /dev.
[[0;32m  OK  [0m] Started Journal Service.
[[0;32m  OK  [0m] Started Apply Kernel Variables.
[[0;32m  OK  [0m] Mounted Kernel Debug File System.
[[0;32m  OK  [0m] Mounted POSIX Message Queue File System.
[[0;32m  OK  [0m] Mounted Huge Pages File System.
[[0;32m  OK  [0m] Started Remount Root and Kernel File Systems.
[[0;32m  OK  [0m] Mounted Kernel Configuration File System.
[[0;32m  OK  [0m] Mounted FUSE Control File System.
[[0;32m  OK  [0m] Started LVM2 metadata daemon.
         Starting udev Kernel Device Manager...
         Starting Flush Journal to Persistent Storage...
         Starting Load/Save Random Seed...
[[0;32m  OK  [0m] Started Monitoring of LVM2 mirrors,…sing dmeventd or progress polling.
[[0;32m  OK  [0m] Started Load/Save Random Seed.
[[0;32m  OK  [0m] Started udev Kernel Device Manager.
[[0;32m  OK  [0m] Started Set the console keyboard layout.
[[0;32m  OK  [0m] Reached target Local File Systems (Pre).
[[0;32m  OK  [0m] Reached target Local File Systems.
         Starting Tell Plymouth To Write Out Runtime Data...
         Starting ebtables ruleset management...
         Starting Set console font and keymap...
         Starting AppArmor initialization...
[[0;32m  OK  [0m] Started Dispatch Password Requests to Console Directory Watch.
[[0;32m  OK  [0m] Reached target Local Encrypted Volumes.
[[0;32m  OK  [0m] Started Flush Journal to Persistent Storage.
[[0;32m  OK  [0m] Started Tell Plymouth To Write Out Runtime Data.
         Starting Create Volatile Files and Directories...
[[0;32m  OK  [0m] Started Set console font and keymap.
[[0;32m  OK  [0m] Started Create Volatile Files and Directories.
         Starting Update UTMP about System Boot/Shutdown...
[[0;32m  OK  [0m] Started Update UTMP about System Boot/Shutdown.
[[0;32m  OK  [0m] Started ebtables ruleset management.
[[0;32m  OK  [0m] Found device /dev/ttyS0.
[[0;32m  OK  [0m] Started AppArmor initialization.
         Starting Initial cloud-init job (pre-networking)...
[[0;32m  OK  [0m] Listening on Load/Save RF Kill Switch Status /dev/rfkill Watch.
[   10.791213] cloud-init[523]: Cloud-init v. 18.5-45-g3554ffe8-0ubuntu1~18.04.1 running 'init-local' at Mon, 23 Nov 2020 21:54:39 +0000. Up 10.37 seconds.
[[0;32m  OK  [0m] Started Initial cloud-init job (pre-networking).
[[0;32m  OK  [0m] Reached target Network (Pre).
         Starting Network Service...
[[0;32m  OK  [0m] Started Network Service.
         Starting Network Name Resolution...
         Starting Wait for Network to be Configured...
[[0;32m  OK  [0m] Started Network Name Resolution.
[[0;32m  OK  [0m] Reached target Network.
[[0;32m  OK  [0m] Reached target Host and Network Name Lookups.
[[0;32m  OK  [0m] Started Wait for Network to be Configured.
         Starting Initial cloud-init job (metadata service crawler)...
[   14.047595] cloud-init[657]: Cloud-init v. 18.5-45-g3554ffe8-0ubuntu1~18.04.1 running 'init' at Mon, 23 Nov 2020 21:54:43 +0000. Up 13.69 seconds.
[   14.050018] cloud-init[657]: ci-info: ++++++++++++++++++++++++++++++++++++++Net device info+++++++++++++++++++++++++++++++++++++++
[   14.052412] cloud-init[657]: ci-info: +--------+------+-----------------------------+---------------+--------+-------------------+
[   14.056997] cloud-init[657]: ci-info: | Device |  Up  |           Address           |      Mask     | Scope  |     Hw-Address    |
[   14.058724] cloud-init[657]: ci-info: +--------+------+-----------------------------+---------------+--------+-------------------+
[   14.060948] cloud-init[657]: ci-info: | enp0s3 | True |          10.0.2.15          | 255.255.255.0 | global | 02:79:31:3f:e1:83 |
[   14.063650] cloud-init[657]: ci-info: | enp0s3 | True |  fe80::79:31ff:fe3f:e183/64 |       .       |  link  | 02:79:31:3f:e1:83 |
[   14.066565] cloud-init[657]: ci-info: | enp0s8 | True |        192.168.33.40        | 255.255.255.0 | global | 08:00:27:69:2a:27 |
[   14.069946] cloud-init[657]: ci-info: | enp0s8 | True | fe80::a00:27ff:fe69:2a27/64 |       .       |  link  | 08:00:27:69:2a:27 |
[   14.073631] cloud-init[657]: ci-info: |   lo   | True |          127.0.0.1          |   255.0.0.0   |  host  |         .         |
[   14.076479] cloud-init[657]: ci-info: |   lo   | True |           ::1/128           |       .       |  host  |         .         |
[   14.079141] cloud-init[657]: ci-info: +--------+------+-----------------------------+---------------+--------+-------------------+
[   14.081882] cloud-init[657]: ci-info: +++++++++++++++++++++++++++++Route IPv4 info+++++++++++++++++++++++++++++
[   14.085560] cloud-init[657]: ci-info: +-------+--------------+----------+-----------------+-----------+-------+
[   14.090246] cloud-init[657]: ci-info: | Route | Destination  | Gateway  |     Genmask     | Interface | Flags |
[   14.092491] cloud-init[657]: ci-info: +-------+--------------+----------+-----------------+-----------+-------+
[   14.094713] cloud-init[657]: ci-info: |   0   |   0.0.0.0    | 10.0.2.2 |     0.0.0.0     |   enp0s3  |   UG  |
[   14.097391] cloud-init[657]: ci-info: |   1   |   10.0.2.0   | 0.0.0.0  |  255.255.255.0  |   enp0s3  |   U   |
[   14.100091] cloud-init[657]: ci-info: |   2   |   10.0.2.2   | 0.0.0.0  | 255.255.255.255 |   enp0s3  |   UH  |
[   14.102028] cloud-init[657]: ci-info: |   3   | 192.168.33.0 | 0.0.0.0  |  255.255.255.0  |   enp0s8  |   U   |
[   14.103816] cloud-init[657]: ci-info: +-------+--------------+----------+-----------------+-----------+-------+
[   14.105942] cloud-init[657]: ci-info: +++++++++++++++++++Route IPv6 info+++++++++++++++++++
[   14.107419] cloud-init[657]: ci-info: +-------+-------------+---------+-----------+-------+
[   14.121104] cloud-init[657]: ci-info: | Route | Destination | Gateway | Interface | Flags |
[   14.123894] cloud-init[657]: ci-info: +-------+-------------+---------+-----------+-------+
[   14.125546] cloud-init[657]: ci-info: |   1   |  fe80::/64  |    ::   |   enp0s8  |   U   |
[   14.126864] cloud-init[657]: ci-info: |   2   |  fe80::/64  |    ::   |   enp0s3  |   U   |
[   14.128270] cloud-init[657]: ci-info: |   4   |    local    |    ::   |   enp0s3  |   U   |
[   14.140294] cloud-init[657]: ci-info: |   5   |    local    |    ::   |   enp0s8  |   U   |
[   14.142502] cloud-init[657]: ci-info: |   6   |   ff00::/8  |    ::   |   enp0s8  |   U   |
[   14.144405] cloud-init[657]: ci-info: |   7   |   ff00::/8  |    ::   |   enp0s3  |   U   |
[   14.146013] cloud-init[657]: ci-info: +-------+-------------+---------+-----------+-------+
[[0;32m  OK  [0m] Started Initial cloud-init job (metadata service crawler).
[[0;32m  OK  [0m] Reached target Cloud-config availability.
[[0;32m  OK  [0m] Reached target System Initialization.
[[0;32m  OK  [0m] Listening on Open-iSCSI iscsid Socket.
[[0;32m  OK  [0m] Listening on ACPID Listen Socket.
[[0;32m  OK  [0m] Started ACPI Events Check.
         Starting Socket activation for snappy daemon.
[[0;32m  OK  [0m] Listening on D-Bus System Message Bus Socket.
[[0;32m  OK  [0m] Started Clean PHP session files every 30 mins.
[[0;32m  OK  [0m] Started Daily Cleanup of Temporary Directories.
         Starting LXD - unix socket.
[[0;32m  OK  [0m] Reached target Paths.
[[0;32m  OK  [0m] Started Discard unused blocks once a week.
[[0;32m  OK  [0m] Listening on UUID daemon activation socket.
[[0;32m  OK  [0m] Started Message of the Day.
[[0;32m  OK  [0m] Started Daily apt download activities.
[[0;32m  OK  [0m] Started Daily apt upgrade and clean activities.
[[0;32m  OK  [0m] Reached target Timers.
[[0;32m  OK  [0m] Reached target Network is Online.
[[0;32m  OK  [0m] Reached target Remote File Systems (Pre).
[[0;32m  OK  [0m] Reached target Remote File Systems.
         Starting Availability of block devices...
[[0;32m  OK  [0m] Listening on Socket activation for snappy daemon.
[[0;32m  OK  [0m] Listening on LXD - unix socket.
[[0;32m  OK  [0m] Started Availability of block devices.
[[0;32m  OK  [0m] Reached target Sockets.
[[0;32m  OK  [0m] Reached target Basic System.
[[0;32m  OK  [0m] Started FUSE filesystem for LXC.
         Starting The Apache HTTP Server...
[[0;32m  OK  [0m] Started Regular background program processing daemon.
         Starting Accounts Service...
         Starting Permit User Sessions...
         Starting System Logging Service...
         Starting LXD - container startup/shutdown...
         Starting LSB: automatic crash report generation...
         Starting Dispatcher daemon for systemd-networkd...
         Starting LSB: Record successful boot for GRUB...
         Starting Login Service...
[[0;32m  OK  [0m] Started Deferred execution scheduler.
[[0;32m  OK  [0m] Started irqbalance daemon.
[[0;32m  OK  [0m] Started D-Bus System Message Bus.
[[0;32m  OK  [0m] Started Login Service.
         Starting Snappy daemon...
         Starting OpenBSD Secure Shell server...
[[0;32m  OK  [0m] Started Unattended Upgrades Shutdown.
         Starting Virtualbox guest utils...
[[0;32m  OK  [0m] Started System Logging Service.
[[0;32m  OK  [0m] Started Permit User Sessions.
         Starting Authorization Manager...
         Starting Hold until boot process finishes up...
         Starting Terminate Plymouth Boot Screen...
[[0;32m  OK  [0m] Started Hold until boot process finishes up.
[[0;32m  OK  [0m] Started Serial Getty on ttyS0.
         Starting Set console scheme...
[[0;32m  OK  [0m] Started LSB: automatic crash report generation.
[[0;32m  OK  [0m] Started Terminate Plymouth Boot Screen.
[[0;32m  OK  [0m] Started OpenBSD Secure Shell server.
[[0;32m  OK  [0m] Started Authorization Manager.
[[0;32m  OK  [0m] Started Accounts Service.
[[0;32m  OK  [0m] Started Set console scheme.
[[0;32m  OK  [0m] Created slice system-getty.slice.
[[0;32m  OK  [0m] Started Getty on tty1.
[[0;32m  OK  [0m] Reached target Login Prompts.
[[0;32m  OK  [0m] Started LSB: Record successful boot for GRUB.
[[0;32m  OK  [0m] Started LXD - container startup/shutdown.
[[0;32m  OK  [0m] Started The Apache HTTP Server.
[[0;32m  OK  [0m] Started Virtualbox guest utils.
[[0;32m  OK  [0m] Started Snappy daemon.
         Starting Wait until snapd is fully seeded...
[[0;32m  OK  [0m] Started Wait until snapd is fully seeded.
         Starting Apply the settings specified in cloud-config...
[[0;32m  OK  [0m] Started Dispatcher daemon for systemd-networkd.
[[0;32m  OK  [0m] Reached target Multi-User System.
[[0;32m  OK  [0m] Reached target Graphical Interface.
         Starting Update UTMP about System Runlevel Changes...
[[0;32m  OK  [0m] Started Update UTMP about System Runlevel Changes.
[[0;32m  OK  [0m] Created slice User Slice of vagrant.
         Starting User Manager for UID 1000...
[[0;32m  OK  [0m] Started Session 1 of user vagrant.
[[0;32m  OK  [0m] Started User Manager for UID 1000.
[   17.947039] cloud-init[1063]: Cloud-init v. 18.5-45-g3554ffe8-0ubuntu1~18.04.1 running 'modules:config' at Mon, 23 Nov 2020 21:54:47 +0000. Up 17.65 seconds.
[[0;32m  OK  [0m] Started Apply the settings specified in cloud-config.
         Starting Execute cloud user/final scripts...
[   19.378731] cloud-init[1153]: Cloud-init v. 18.5-45-g3554ffe8-0ubuntu1~18.04.1 running 'modules:final' at Mon, 23 Nov 2020 21:54:48 +0000. Up 19.07 seconds.
[   19.382047] cloud-init[1153]: Cloud-init v. 18.5-45-g3554ffe8-0ubuntu1~18.04.1 finished at Mon, 23 Nov 2020 21:54:48 +0000. Datasource DataSourceNoCloud [seed=/dev/sdb][dsmode=net].  Up 19.35 seconds
[[0;32m  OK  [0m] Started Execute cloud user/final scripts.
[[0;32m  OK  [0m] Reached target Cloud-init target.

Ubuntu 18.04.2 LTS cron ttyS0

cron login: 